<?xml version="1.0" encoding="UTF-8"?>
<testng-results ignored="0" total="1" passed="1" failed="0" skipped="0">
  <reporter-output>
    <line>
      <![CDATA[===connection sucessfull===]]>
    </line>
    <line>
      <![CDATA[===connction closed===]]>
    </line>
  </reporter-output>
  <suite started-at="2022-08-11T11:19:21 IST" name="Default suite" finished-at="2022-08-11T11:19:23 IST" duration-ms="2196">
    <groups>
    </groups>
    <test started-at="2022-08-11T11:19:21 IST" name="Default test" finished-at="2022-08-11T11:19:23 IST" duration-ms="2196">
      <class name="EndToEndScenarios.CreateProjectVerifyInDatabase">
        <test-method is-config="true" signature="bsConfig()[pri:0, instance:EndToEndScenarios.CreateProjectVerifyInDatabase@4fb3ee4e]" started-at="2022-08-11T11:19:20 IST" name="bsConfig" finished-at="2022-08-11T11:19:21 IST" duration-ms="950" status="PASS">
          <reporter-output>
            <line>
              <![CDATA[===connection sucessfull===]]>
            </line>
          </reporter-output>
        </test-method> <!-- bsConfig -->
        <test-method signature="createTheProject()[pri:0, instance:EndToEndScenarios.CreateProjectVerifyInDatabase@4fb3ee4e]" started-at="2022-08-11T11:19:21 IST" name="createTheProject" finished-at="2022-08-11T11:19:23 IST" duration-ms="2156" status="PASS">
          <reporter-output>
          </reporter-output>
        </test-method> <!-- createTheProject -->
        <test-method is-config="true" signature="asConfig()[pri:0, instance:EndToEndScenarios.CreateProjectVerifyInDatabase@4fb3ee4e]" started-at="2022-08-11T11:19:23 IST" name="asConfig" finished-at="2022-08-11T11:19:23 IST" duration-ms="8" status="PASS">
          <reporter-output>
            <line>
              <![CDATA[===connction closed===]]>
            </line>
          </reporter-output>
        </test-method> <!-- asConfig -->
      </class> <!-- EndToEndScenarios.CreateProjectVerifyInDatabase -->
    </test> <!-- Default test -->
  </suite> <!-- Default suite -->
</testng-results>
